2023-10-12 10:13:44,984:INFO:gAAAAABlJ6gkI1fTKGk5iYkdQWDs3zPjnNt8Ip6nhCHoIHtHln9DC7ubEmetLrsNHPKKCa-QftOO3XtBdUtNBUgzvt_UOVoS_MdEouObS5w7UzRhxoR5ay5QGNX5d4p_WEwjMV6w-ENn2tVbcEdIAVWChwJfDyoDV0ygRBZ0kYUEr0jo9BvM97Q=
2023-10-12 10:13:45,353:INFO:Using categorical units to plot a list of strings that are all parsable as floats or dates. If these strings should be plotted as numbers, cast to the appropriate data type before plotting.
2023-10-12 10:13:45,356:INFO:Using categorical units to plot a list of strings that are all parsable as floats or dates. If these strings should be plotted as numbers, cast to the appropriate data type before plotting.
2023-10-12 10:13:47,501:WARNING:Performance du modèle en dessous du seuil - email envoyé
2023-10-12 10:15:52,029:INFO:gAAAAABlJ6gkI1fTKGk5iYkdQWDs3zPjnNt8Ip6nhCHoIHtHln9DC7ubEmetLrsNHPKKCa-QftOO3XtBdUtNBUgzvt_UOVoS_MdEouObS5w7UzRhxoR5ay5QGNX5d4p_WEwjMV6w-ENn2tVbcEdIAVWChwJfDyoDV0ygRBZ0kYUEr0jo9BvM97Q=
2023-10-12 10:15:52,381:INFO:Using categorical units to plot a list of strings that are all parsable as floats or dates. If these strings should be plotted as numbers, cast to the appropriate data type before plotting.
2023-10-12 10:15:52,384:INFO:Using categorical units to plot a list of strings that are all parsable as floats or dates. If these strings should be plotted as numbers, cast to the appropriate data type before plotting.
2023-10-12 10:15:52,390:ERROR:An error occurred: cannot access local variable 'graph_path' where it is not associated with a value
2023-10-12 10:17:12,491:INFO:gAAAAABlJ6gkI1fTKGk5iYkdQWDs3zPjnNt8Ip6nhCHoIHtHln9DC7ubEmetLrsNHPKKCa-QftOO3XtBdUtNBUgzvt_UOVoS_MdEouObS5w7UzRhxoR5ay5QGNX5d4p_WEwjMV6w-ENn2tVbcEdIAVWChwJfDyoDV0ygRBZ0kYUEr0jo9BvM97Q=
2023-10-12 10:17:12,823:INFO:Using categorical units to plot a list of strings that are all parsable as floats or dates. If these strings should be plotted as numbers, cast to the appropriate data type before plotting.
2023-10-12 10:17:12,826:INFO:Using categorical units to plot a list of strings that are all parsable as floats or dates. If these strings should be plotted as numbers, cast to the appropriate data type before plotting.
2023-10-12 10:17:14,687:WARNING:Performance du modèle en dessous du seuil
2023-10-12 10:19:00,176:INFO:gAAAAABlJ6gkI1fTKGk5iYkdQWDs3zPjnNt8Ip6nhCHoIHtHln9DC7ubEmetLrsNHPKKCa-QftOO3XtBdUtNBUgzvt_UOVoS_MdEouObS5w7UzRhxoR5ay5QGNX5d4p_WEwjMV6w-ENn2tVbcEdIAVWChwJfDyoDV0ygRBZ0kYUEr0jo9BvM97Q=
2023-10-12 10:19:00,523:INFO:Using categorical units to plot a list of strings that are all parsable as floats or dates. If these strings should be plotted as numbers, cast to the appropriate data type before plotting.
2023-10-12 10:19:00,527:INFO:Using categorical units to plot a list of strings that are all parsable as floats or dates. If these strings should be plotted as numbers, cast to the appropriate data type before plotting.
2023-10-12 10:19:00,530:ERROR:An error occurred: single positional indexer is out-of-bounds
2023-10-12 10:20:37,025:INFO:gAAAAABlJ6gkI1fTKGk5iYkdQWDs3zPjnNt8Ip6nhCHoIHtHln9DC7ubEmetLrsNHPKKCa-QftOO3XtBdUtNBUgzvt_UOVoS_MdEouObS5w7UzRhxoR5ay5QGNX5d4p_WEwjMV6w-ENn2tVbcEdIAVWChwJfDyoDV0ygRBZ0kYUEr0jo9BvM97Q=
2023-10-12 10:20:37,363:INFO:Using categorical units to plot a list of strings that are all parsable as floats or dates. If these strings should be plotted as numbers, cast to the appropriate data type before plotting.
2023-10-12 10:20:37,366:INFO:Using categorical units to plot a list of strings that are all parsable as floats or dates. If these strings should be plotted as numbers, cast to the appropriate data type before plotting.
2023-10-12 10:20:37,368:INFO:Using categorical units to plot a list of strings that are all parsable as floats or dates. If these strings should be plotted as numbers, cast to the appropriate data type before plotting.
2023-10-12 10:20:37,368:INFO:Using categorical units to plot a list of strings that are all parsable as floats or dates. If these strings should be plotted as numbers, cast to the appropriate data type before plotting.
2023-10-12 10:20:39,253:WARNING:Performance du modèle en dessous du seuil
2023-10-12 10:22:38,984:INFO:gAAAAABlJ6gkI1fTKGk5iYkdQWDs3zPjnNt8Ip6nhCHoIHtHln9DC7ubEmetLrsNHPKKCa-QftOO3XtBdUtNBUgzvt_UOVoS_MdEouObS5w7UzRhxoR5ay5QGNX5d4p_WEwjMV6w-ENn2tVbcEdIAVWChwJfDyoDV0ygRBZ0kYUEr0jo9BvM97Q=
2023-10-12 10:22:39,337:INFO:Using categorical units to plot a list of strings that are all parsable as floats or dates. If these strings should be plotted as numbers, cast to the appropriate data type before plotting.
2023-10-12 10:22:39,340:INFO:Using categorical units to plot a list of strings that are all parsable as floats or dates. If these strings should be plotted as numbers, cast to the appropriate data type before plotting.
2023-10-12 10:22:39,341:INFO:Using categorical units to plot a list of strings that are all parsable as floats or dates. If these strings should be plotted as numbers, cast to the appropriate data type before plotting.
2023-10-12 10:22:39,342:INFO:Using categorical units to plot a list of strings that are all parsable as floats or dates. If these strings should be plotted as numbers, cast to the appropriate data type before plotting.
2023-10-12 10:22:41,076:WARNING:Performance du modèle en dessous du seuil
2023-10-12 10:24:03,952:INFO:gAAAAABlJ6gkI1fTKGk5iYkdQWDs3zPjnNt8Ip6nhCHoIHtHln9DC7ubEmetLrsNHPKKCa-QftOO3XtBdUtNBUgzvt_UOVoS_MdEouObS5w7UzRhxoR5ay5QGNX5d4p_WEwjMV6w-ENn2tVbcEdIAVWChwJfDyoDV0ygRBZ0kYUEr0jo9BvM97Q=
2023-10-12 10:24:04,354:INFO:Using categorical units to plot a list of strings that are all parsable as floats or dates. If these strings should be plotted as numbers, cast to the appropriate data type before plotting.
2023-10-12 10:24:04,357:INFO:Using categorical units to plot a list of strings that are all parsable as floats or dates. If these strings should be plotted as numbers, cast to the appropriate data type before plotting.
2023-10-12 10:24:04,358:INFO:Using categorical units to plot a list of strings that are all parsable as floats or dates. If these strings should be plotted as numbers, cast to the appropriate data type before plotting.
2023-10-12 10:24:04,358:INFO:Using categorical units to plot a list of strings that are all parsable as floats or dates. If these strings should be plotted as numbers, cast to the appropriate data type before plotting.
2023-10-12 10:24:06,304:WARNING:Performance du modèle en dessous du seuil
2023-10-12 10:24:27,096:INFO:gAAAAABlJ6gkI1fTKGk5iYkdQWDs3zPjnNt8Ip6nhCHoIHtHln9DC7ubEmetLrsNHPKKCa-QftOO3XtBdUtNBUgzvt_UOVoS_MdEouObS5w7UzRhxoR5ay5QGNX5d4p_WEwjMV6w-ENn2tVbcEdIAVWChwJfDyoDV0ygRBZ0kYUEr0jo9BvM97Q=
2023-10-12 10:24:27,579:INFO:Using categorical units to plot a list of strings that are all parsable as floats or dates. If these strings should be plotted as numbers, cast to the appropriate data type before plotting.
2023-10-12 10:24:27,583:INFO:Using categorical units to plot a list of strings that are all parsable as floats or dates. If these strings should be plotted as numbers, cast to the appropriate data type before plotting.
2023-10-12 10:24:27,585:INFO:Using categorical units to plot a list of strings that are all parsable as floats or dates. If these strings should be plotted as numbers, cast to the appropriate data type before plotting.
2023-10-12 10:24:27,585:INFO:Using categorical units to plot a list of strings that are all parsable as floats or dates. If these strings should be plotted as numbers, cast to the appropriate data type before plotting.
2023-10-12 10:24:29,969:WARNING:Performance du modèle en dessous du seuil
2023-10-13 15:09:29,968:INFO:gAAAAABlJ6gkI1fTKGk5iYkdQWDs3zPjnNt8Ip6nhCHoIHtHln9DC7ubEmetLrsNHPKKCa-QftOO3XtBdUtNBUgzvt_UOVoS_MdEouObS5w7UzRhxoR5ay5QGNX5d4p_WEwjMV6w-ENn2tVbcEdIAVWChwJfDyoDV0ygRBZ0kYUEr0jo9BvM97Q=
2023-10-13 15:09:31,249:INFO:Using categorical units to plot a list of strings that are all parsable as floats or dates. If these strings should be plotted as numbers, cast to the appropriate data type before plotting.
2023-10-13 15:09:31,254:INFO:Using categorical units to plot a list of strings that are all parsable as floats or dates. If these strings should be plotted as numbers, cast to the appropriate data type before plotting.
2023-10-13 15:09:31,256:INFO:Performance du modèle acceptable
2023-10-13 15:10:08,148:INFO:gAAAAABlJ6gkI1fTKGk5iYkdQWDs3zPjnNt8Ip6nhCHoIHtHln9DC7ubEmetLrsNHPKKCa-QftOO3XtBdUtNBUgzvt_UOVoS_MdEouObS5w7UzRhxoR5ay5QGNX5d4p_WEwjMV6w-ENn2tVbcEdIAVWChwJfDyoDV0ygRBZ0kYUEr0jo9BvM97Q=
2023-10-13 15:10:08,451:INFO:Using categorical units to plot a list of strings that are all parsable as floats or dates. If these strings should be plotted as numbers, cast to the appropriate data type before plotting.
2023-10-13 15:10:08,454:INFO:Using categorical units to plot a list of strings that are all parsable as floats or dates. If these strings should be plotted as numbers, cast to the appropriate data type before plotting.
2023-10-13 15:10:08,454:INFO:Performance du modèle acceptable
2023-10-13 15:10:30,754:INFO:gAAAAABlJ6gkI1fTKGk5iYkdQWDs3zPjnNt8Ip6nhCHoIHtHln9DC7ubEmetLrsNHPKKCa-QftOO3XtBdUtNBUgzvt_UOVoS_MdEouObS5w7UzRhxoR5ay5QGNX5d4p_WEwjMV6w-ENn2tVbcEdIAVWChwJfDyoDV0ygRBZ0kYUEr0jo9BvM97Q=
2023-10-13 15:10:31,057:INFO:Using categorical units to plot a list of strings that are all parsable as floats or dates. If these strings should be plotted as numbers, cast to the appropriate data type before plotting.
2023-10-13 15:10:31,059:INFO:Using categorical units to plot a list of strings that are all parsable as floats or dates. If these strings should be plotted as numbers, cast to the appropriate data type before plotting.
2023-10-13 15:10:31,060:INFO:Using categorical units to plot a list of strings that are all parsable as floats or dates. If these strings should be plotted as numbers, cast to the appropriate data type before plotting.
2023-10-13 15:10:31,061:INFO:Using categorical units to plot a list of strings that are all parsable as floats or dates. If these strings should be plotted as numbers, cast to the appropriate data type before plotting.
2023-10-13 15:10:33,615:WARNING:Performance du modèle en dessous du seuil
2023-10-13 15:10:59,543:INFO:gAAAAABlJ6gkI1fTKGk5iYkdQWDs3zPjnNt8Ip6nhCHoIHtHln9DC7ubEmetLrsNHPKKCa-QftOO3XtBdUtNBUgzvt_UOVoS_MdEouObS5w7UzRhxoR5ay5QGNX5d4p_WEwjMV6w-ENn2tVbcEdIAVWChwJfDyoDV0ygRBZ0kYUEr0jo9BvM97Q=
2023-10-13 15:10:59,856:INFO:Using categorical units to plot a list of strings that are all parsable as floats or dates. If these strings should be plotted as numbers, cast to the appropriate data type before plotting.
2023-10-13 15:10:59,858:INFO:Using categorical units to plot a list of strings that are all parsable as floats or dates. If these strings should be plotted as numbers, cast to the appropriate data type before plotting.
2023-10-13 15:10:59,860:INFO:Performance du modèle acceptable
2023-10-17 19:25:05,935:INFO:gAAAAABlJ6gkI1fTKGk5iYkdQWDs3zPjnNt8Ip6nhCHoIHtHln9DC7ubEmetLrsNHPKKCa-QftOO3XtBdUtNBUgzvt_UOVoS_MdEouObS5w7UzRhxoR5ay5QGNX5d4p_WEwjMV6w-ENn2tVbcEdIAVWChwJfDyoDV0ygRBZ0kYUEr0jo9BvM97Q=
2023-10-17 19:25:06,764:INFO:Using categorical units to plot a list of strings that are all parsable as floats or dates. If these strings should be plotted as numbers, cast to the appropriate data type before plotting.
2023-10-17 19:25:06,768:INFO:Using categorical units to plot a list of strings that are all parsable as floats or dates. If these strings should be plotted as numbers, cast to the appropriate data type before plotting.
2023-10-17 19:25:06,769:INFO:Performance du modèle acceptable
2023-10-25 09:39:43,731:INFO:gAAAAABlJ6gkI1fTKGk5iYkdQWDs3zPjnNt8Ip6nhCHoIHtHln9DC7ubEmetLrsNHPKKCa-QftOO3XtBdUtNBUgzvt_UOVoS_MdEouObS5w7UzRhxoR5ay5QGNX5d4p_WEwjMV6w-ENn2tVbcEdIAVWChwJfDyoDV0ygRBZ0kYUEr0jo9BvM97Q=
2023-10-25 09:39:44,654:INFO:Using categorical units to plot a list of strings that are all parsable as floats or dates. If these strings should be plotted as numbers, cast to the appropriate data type before plotting.
2023-10-25 09:39:44,657:INFO:Using categorical units to plot a list of strings that are all parsable as floats or dates. If these strings should be plotted as numbers, cast to the appropriate data type before plotting.
2023-10-25 09:39:44,659:INFO:Using categorical units to plot a list of strings that are all parsable as floats or dates. If these strings should be plotted as numbers, cast to the appropriate data type before plotting.
2023-10-25 09:39:44,660:INFO:Using categorical units to plot a list of strings that are all parsable as floats or dates. If these strings should be plotted as numbers, cast to the appropriate data type before plotting.
2023-10-25 09:39:47,021:WARNING:Performance du modèle en dessous du seuil
2023-10-30 17:08:13,845:INFO:b'gAAAAABlJ6gkI1fTKGk5iYkdQWDs3zPjnNt8Ip6nhCHoIHtHln9DC7ubEmetLrsNHPKKCa-QftOO3XtBdUtNBUgzvt_UOVoS_MdEouObS5w7UzRhxoR5ay5QGNX5d4p_WEwjMV6w-ENn2tVbcEdIAVWChwJfDyoDV0ygRBZ0kYUEr0jo9BvM97Q='
2023-10-30 17:08:37,475:INFO:gAAAAABlJ6gkI1fTKGk5iYkdQWDs3zPjnNt8Ip6nhCHoIHtHln9DC7ubEmetLrsNHPKKCa-QftOO3XtBdUtNBUgzvt_UOVoS_MdEouObS5w7UzRhxoR5ay5QGNX5d4p_WEwjMV6w-ENn2tVbcEdIAVWChwJfDyoDV0ygRBZ0kYUEr0jo9BvM97Q=
2023-10-30 17:09:15,200:INFO:gAAAAABlP9UibDfq4fygM0OnUcit7zRLWUGpNzj35wGhIvTNH9R2NQeeYCmtcDf1XjDlBWHFUaBU_QlE98f7QdImkJY_CIb9uoSldttCd06ISfx_wgNpXk4E_-UQRq0JL02w58OtORHDXc_Rrf22xN2ZQ05ODAXzGESEfkG2fys_NEiHgk6_XW4=
2023-10-30 17:09:15,994:INFO:Using categorical units to plot a list of strings that are all parsable as floats or dates. If these strings should be plotted as numbers, cast to the appropriate data type before plotting.
2023-10-30 17:09:15,998:INFO:Using categorical units to plot a list of strings that are all parsable as floats or dates. If these strings should be plotted as numbers, cast to the appropriate data type before plotting.
2023-10-30 17:09:16,001:INFO:Using categorical units to plot a list of strings that are all parsable as floats or dates. If these strings should be plotted as numbers, cast to the appropriate data type before plotting.
2023-10-30 17:09:16,001:INFO:Using categorical units to plot a list of strings that are all parsable as floats or dates. If these strings should be plotted as numbers, cast to the appropriate data type before plotting.
2023-10-30 17:09:18,830:WARNING:Performance du modèle en dessous du seuil
